# JRE version: Java(TM) SE Runtime Environment 18.9 (11.0.13+10) (build 11.0.13+10-LTS-370)
# Java VM: Java HotSpot(TM) 64-Bit Server VM 18.9 (11.0.13+10-LTS-370, mixed mode, tiered, compressed oops, g1 gc, windows-amd64)
Heap:
 garbage-first heap   total 305152K, used 49699K [0x0000000709400000, 0x0000000800000000)
  region size 1024K, 4 young (4096K), 1 survivors (1024K)
 Metaspace       used 35077K, capacity 35920K, committed 36144K, reserved 1081344K
  class space    used 3650K, capacity 3942K, committed 3968K, reserved 1048576K
GC Heap History (10 events):
Event: 2.190 GC heap before
{Heap before GC invocations=1 (full 0):
 garbage-first heap   total 253952K, used 79829K [0x0000000709400000, 0x0000000800000000)
  region size 1024K, 78 young (79872K), 3 survivors (3072K)
 Metaspace       used 20802K, capacity 21141K, committed 21296K, reserved 1069056K
  class space    used 2212K, capacity 2331K, committed 2432K, reserved 1048576K
}
Event: 2.198 GC heap after
{Heap after GC invocations=2 (full 0):
 garbage-first heap   total 253952K, used 9797K [0x0000000709400000, 0x0000000800000000)
  region size 1024K, 9 young (9216K), 9 survivors (9216K)
 Metaspace       used 20802K, capacity 21141K, committed 21296K, reserved 1069056K
  class space    used 2212K, capacity 2331K, committed 2432K, reserved 1048576K
}
Event: 2.929 GC heap before
{Heap before GC invocations=3 (full 0):
 garbage-first heap   total 253952K, used 86597K [0x0000000709400000, 0x0000000800000000)
  region size 1024K, 84 young (86016K), 9 survivors (9216K)
 Metaspace       used 21618K, capacity 22047K, committed 22320K, reserved 1069056K
  class space    used 2251K, capacity 2374K, committed 2432K, reserved 1048576K
}
Event: 2.942 GC heap after
{Heap after GC invocations=4 (full 0):
 garbage-first heap   total 253952K, used 18104K [0x0000000709400000, 0x0000000800000000)
  region size 1024K, 9 young (9216K), 9 survivors (9216K)
 Metaspace       used 21618K, capacity 22047K, committed 22320K, reserved 1069056K
  class space    used 2251K, capacity 2374K, committed 2432K, reserved 1048576K
}
Event: 4.105 GC heap before
{Heap before GC invocations=4 (full 0):
 garbage-first heap   total 253952K, used 110264K [0x0000000709400000, 0x0000000800000000)
  region size 1024K, 99 young (101376K), 9 survivors (9216K)
 Metaspace       used 22733K, capacity 23161K, committed 23472K, reserved 1071104K
  class space    used 2317K, capacity 2446K, committed 2560K, reserved 1048576K
}
Event: 4.129 GC heap after
{Heap after GC invocations=5 (full 0):
 garbage-first heap   total 253952K, used 22474K [0x0000000709400000, 0x0000000800000000)
  region size 1024K, 6 young (6144K), 6 survivors (6144K)
 Metaspace       used 22733K, capacity 23161K, committed 23472K, reserved 1071104K
  class space    used 2317K, capacity 2446K, committed 2560K, reserved 1048576K
}
Event: 6.500 GC heap before
{Heap before GC invocations=5 (full 0):
 garbage-first heap   total 253952K, used 167882K [0x0000000709400000, 0x0000000800000000)
  region size 1024K, 148 young (151552K), 6 survivors (6144K)
 Metaspace       used 33974K, capacity 34754K, committed 34992K, reserved 1081344K
  class space    used 3536K, capacity 3833K, committed 3840K, reserved 1048576K
}
Event: 6.517 GC heap after
{Heap after GC invocations=6 (full 0):
 garbage-first heap   total 253952K, used 45851K [0x0000000709400000, 0x0000000800000000)
  region size 1024K, 19 young (19456K), 19 survivors (19456K)
 Metaspace       used 33974K, capacity 34754K, committed 34992K, reserved 1081344K
  class space    used 3536K, capacity 3833K, committed 3840K, reserved 1048576K
}
Event: 6.765 GC heap before
{Heap before GC invocations=6 (full 0):
 garbage-first heap   total 253952K, used 61211K [0x0000000709400000, 0x0000000800000000)
  region size 1024K, 35 young (35840K), 19 survivors (19456K)
 Metaspace       used 34765K, capacity 35589K, committed 35888K, reserved 1081344K
  class space    used 3612K, capacity 3898K, committed 3968K, reserved 1048576K
}
Event: 6.777 GC heap after
{Heap after GC invocations=7 (full 0):
 garbage-first heap   total 305152K, used 49211K [0x0000000709400000, 0x0000000800000000)
  region size 1024K, 3 young (3072K), 3 survivors (3072K)
 Metaspace       used 34765K, capacity 35589K, committed 35888K, reserved 1081344K
  class space    used 3612K, capacity 3898K, committed 3968K, reserved 1048576K
}

